Transient Running and Listening for requests on port:3000
KC 
receive
6-23-117
062317
\\aawsdp03\shared\Order Fulfillment\General\Today's Kansas City Orders\
06231701.exp
KC 
receive
6-23-117
062317
\\aawsdp03\shared\Order Fulfillment\General\Today's Kansas City Orders\
06231701.exp
KC 
receive
6-23-117
062317
\\aawsdp03\shared\Order Fulfillment\General\Today's Kansas City Orders\
06231701.exp
KC 
receive
6-23-117
062317
\\aawsdp03\shared\Order Fulfillment\General\Today's Kansas City Orders\
06231701.exp
undefined 
undefined
6-23-117
062317


CA 
undefined
6-23-117
062317

06231708.exp
CA 
receive
6-23-117
062317
\\aawsdp03\shared\Order Fulfillment\General\Todays Extreme Solution Orders\
06231708.exp
CA 
receive
6-23-117
062317
\\aawsdp03\shared\Order Fulfillment\General\Todays Extreme Solution Orders\
06231708.exp
KC 
receive
6-23-117
062317
\\aawsdp03\shared\Order Fulfillment\General\Today's Kansas City Orders\
06231701.exp
KC 
receive
6-23-117
062317
\\aawsdp03\shared\Order Fulfillment\General\Today's Kansas City Orders\
06231701.exp
KC 
receive
6-23-117
062317
\\aawsdp03\shared\Order Fulfillment\General\Today's Kansas City Orders\
06231701.exp
KC 
receive
6-23-117
062317
\\aawsdp03\shared\Order Fulfillment\General\Today's Kansas City Orders\
06231701.exp
NY 
receive
6-23-117
062317
\\aawsdp03\shared\Order Fulfillment\General\Todays New York Files\
06231705.exp
