::1 - - [29/Jun/2017:17:12:57 +0000] "GET /cpc HTTP/1.1" 404 142 "-" "Mozilla/5.0 (Windows NT 10.0; Win64; x64) AppleWebKit/537.36 (KHTML, like Gecko) Chrome/59.0.3071.115 Safari/537.36"
::1 - - [29/Jun/2017:17:12:57 +0000] "GET /favicon.ico HTTP/1.1" 404 150 "http://localhost:3000/cpc" "Mozilla/5.0 (Windows NT 10.0; Win64; x64) AppleWebKit/537.36 (KHTML, like Gecko) Chrome/59.0.3071.115 Safari/537.36"
::1 - - [29/Jun/2017:17:13:03 +0000] "GET /CPC HTTP/1.1" 404 142 "-" "Mozilla/5.0 (Windows NT 10.0; Win64; x64) AppleWebKit/537.36 (KHTML, like Gecko) Chrome/59.0.3071.115 Safari/537.36"
::1 - - [30/Jun/2017:16:32:56 +0000] "GET /shares HTTP/1.1" 200 8289 "-" "Mozilla/5.0 (Windows NT 10.0; Win64; x64) AppleWebKit/537.36 (KHTML, like Gecko) Chrome/59.0.3071.115 Safari/537.36"
::1 - - [30/Jun/2017:16:32:56 +0000] "GET /favicon.ico HTTP/1.1" 404 150 "http://localhost:3000/shares" "Mozilla/5.0 (Windows NT 10.0; Win64; x64) AppleWebKit/537.36 (KHTML, like Gecko) Chrome/59.0.3071.115 Safari/537.36"
::1 - - [30/Jun/2017:16:33:26 +0000] "GET /shares/Installation%20Guide-CP16.pdf HTTP/1.1" 404 175 "http://localhost:3000/shares" "Mozilla/5.0 (Windows NT 10.0; Win64; x64) AppleWebKit/537.36 (KHTML, like Gecko) Chrome/59.0.3071.115 Safari/537.36"
::1 - - [30/Jun/2017:16:33:35 +0000] "GET /shares/CTB_STMT.pdf HTTP/1.1" 404 158 "http://localhost:3000/shares" "Mozilla/5.0 (Windows NT 10.0; Win64; x64) AppleWebKit/537.36 (KHTML, like Gecko) Chrome/59.0.3071.115 Safari/537.36"
::1 - - [30/Jun/2017:16:34:36 +0000] "GET /shares HTTP/1.1" 200 8289 "-" "Mozilla/5.0 (Windows NT 10.0; Win64; x64) AppleWebKit/537.36 (KHTML, like Gecko) Chrome/59.0.3071.115 Safari/537.36"
::1 - - [30/Jun/2017:16:34:38 +0000] "GET /shares HTTP/1.1" 200 8289 "-" "Mozilla/5.0 (Windows NT 10.0; Win64; x64) AppleWebKit/537.36 (KHTML, like Gecko) Chrome/59.0.3071.115 Safari/537.36"
::1 - - [30/Jun/2017:16:34:39 +0000] "GET /shares/Installation%20Guide-CP16.pdf HTTP/1.1" 404 175 "http://localhost:3000/shares" "Mozilla/5.0 (Windows NT 10.0; Win64; x64) AppleWebKit/537.36 (KHTML, like Gecko) Chrome/59.0.3071.115 Safari/537.36"
::1 - - [30/Jun/2017:16:35:22 +0000] "GET /shares HTTP/1.1" 200 8289 "-" "Mozilla/5.0 (Windows NT 10.0; Win64; x64) AppleWebKit/537.36 (KHTML, like Gecko) Chrome/59.0.3071.115 Safari/537.36"
::1 - - [30/Jun/2017:16:35:24 +0000] "GET /shares/CTB_STMT.pdf HTTP/1.1" 404 158 "http://localhost:3000/shares" "Mozilla/5.0 (Windows NT 10.0; Win64; x64) AppleWebKit/537.36 (KHTML, like Gecko) Chrome/59.0.3071.115 Safari/537.36"
::1 - - [30/Jun/2017:16:38:08 +0000] "GET /shares HTTP/1.1" 200 8289 "-" "Mozilla/5.0 (Windows NT 10.0; Win64; x64) AppleWebKit/537.36 (KHTML, like Gecko) Chrome/59.0.3071.115 Safari/537.36"
::1 - - [30/Jun/2017:16:38:15 +0000] "GET /shares/CTB_STMT.pdf HTTP/1.1" 404 158 "http://localhost:3000/shares" "Mozilla/5.0 (Windows NT 10.0; Win64; x64) AppleWebKit/537.36 (KHTML, like Gecko) Chrome/59.0.3071.115 Safari/537.36"
::1 - - [30/Jun/2017:16:39:59 +0000] "GET /shares HTTP/1.1" 404 145 "-" "Mozilla/5.0 (Windows NT 10.0; Win64; x64) AppleWebKit/537.36 (KHTML, like Gecko) Chrome/59.0.3071.115 Safari/537.36"
::1 - - [30/Jun/2017:16:41:07 +0000] "GET /shares HTTP/1.1" 301 171 "-" "Mozilla/5.0 (Windows NT 10.0; Win64; x64) AppleWebKit/537.36 (KHTML, like Gecko) Chrome/59.0.3071.115 Safari/537.36"
::1 - - [30/Jun/2017:16:41:07 +0000] "GET /shares/ HTTP/1.1" 404 146 "-" "Mozilla/5.0 (Windows NT 10.0; Win64; x64) AppleWebKit/537.36 (KHTML, like Gecko) Chrome/59.0.3071.115 Safari/537.36"
::1 - - [30/Jun/2017:16:41:52 +0000] "GET /shares/ HTTP/1.1" 404 146 "-" "Mozilla/5.0 (Windows NT 10.0; Win64; x64) AppleWebKit/537.36 (KHTML, like Gecko) Chrome/59.0.3071.115 Safari/537.36"
::1 - - [30/Jun/2017:16:41:56 +0000] "GET /shares/ HTTP/1.1" 404 146 "-" "Mozilla/5.0 (Windows NT 10.0; Win64; x64) AppleWebKit/537.36 (KHTML, like Gecko) Chrome/59.0.3071.115 Safari/537.36"
::1 - - [30/Jun/2017:16:42:31 +0000] "GET /shares/ HTTP/1.1" 404 146 "-" "Mozilla/5.0 (Windows NT 10.0; Win64; x64) AppleWebKit/537.36 (KHTML, like Gecko) Chrome/59.0.3071.115 Safari/537.36"
::1 - - [30/Jun/2017:16:42:47 +0000] "GET /shares/ HTTP/1.1" 200 8293 "-" "Mozilla/5.0 (Windows NT 10.0; Win64; x64) AppleWebKit/537.36 (KHTML, like Gecko) Chrome/59.0.3071.115 Safari/537.36"
::1 - - [30/Jun/2017:16:42:49 +0000] "GET /shares/Installation%20Guide-CP16.pdf HTTP/1.1" 404 175 "http://localhost:3000/shares/" "Mozilla/5.0 (Windows NT 10.0; Win64; x64) AppleWebKit/537.36 (KHTML, like Gecko) Chrome/59.0.3071.115 Safari/537.36"
::1 - - [30/Jun/2017:16:43:25 +0000] "GET /shares/ HTTP/1.1" 404 146 "-" "Mozilla/5.0 (Windows NT 10.0; Win64; x64) AppleWebKit/537.36 (KHTML, like Gecko) Chrome/59.0.3071.115 Safari/537.36"
::1 - - [30/Jun/2017:16:43:27 +0000] "GET /shares/ HTTP/1.1" 404 146 "-" "Mozilla/5.0 (Windows NT 10.0; Win64; x64) AppleWebKit/537.36 (KHTML, like Gecko) Chrome/59.0.3071.115 Safari/537.36"
::1 - - [30/Jun/2017:16:43:45 +0000] "GET /shares/ HTTP/1.1" 200 8293 "-" "Mozilla/5.0 (Windows NT 10.0; Win64; x64) AppleWebKit/537.36 (KHTML, like Gecko) Chrome/59.0.3071.115 Safari/537.36"
::1 - - [30/Jun/2017:16:43:50 +0000] "GET /shares/CTB_STMT.pdf HTTP/1.1" 404 158 "http://localhost:3000/shares/" "Mozilla/5.0 (Windows NT 10.0; Win64; x64) AppleWebKit/537.36 (KHTML, like Gecko) Chrome/59.0.3071.115 Safari/537.36"
::1 - - [30/Jun/2017:16:47:46 +0000] "GET /shares/ HTTP/1.1" 200 8293 "-" "Mozilla/5.0 (Windows NT 10.0; Win64; x64) AppleWebKit/537.36 (KHTML, like Gecko) Chrome/59.0.3071.115 Safari/537.36"
::1 - - [30/Jun/2017:16:47:48 +0000] "GET /shares/CTB_STMT.pdf HTTP/1.1" 404 158 "http://localhost:3000/shares/" "Mozilla/5.0 (Windows NT 10.0; Win64; x64) AppleWebKit/537.36 (KHTML, like Gecko) Chrome/59.0.3071.115 Safari/537.36"
::1 - - [30/Jun/2017:16:49:24 +0000] "GET /shares/ HTTP/1.1" 200 8293 "-" "Mozilla/5.0 (Windows NT 10.0; Win64; x64) AppleWebKit/537.36 (KHTML, like Gecko) Chrome/59.0.3071.115 Safari/537.36"
::1 - - [30/Jun/2017:16:49:26 +0000] "GET /shares/CTB_STMT.pdf HTTP/1.1" 200 116019 "http://localhost:3000/shares/" "Mozilla/5.0 (Windows NT 10.0; Win64; x64) AppleWebKit/537.36 (KHTML, like Gecko) Chrome/59.0.3071.115 Safari/537.36"
::1 - - [30/Jun/2017:16:50:17 +0000] "GET /shares/CTB_STMT.pdf HTTP/1.1" 304 - "http://localhost:3000/shares/" "Mozilla/5.0 (Windows NT 10.0; Win64; x64) AppleWebKit/537.36 (KHTML, like Gecko) Chrome/59.0.3071.115 Safari/537.36"
